0 info it worked if it ends with ok
1 verbose cli [ '/usr/local/bin/node',
1 verbose cli   '/usr/local/bin/npm',
1 verbose cli   'install',
1 verbose cli   '-g',
1 verbose cli   'bower' ]
2 info using npm@3.3.3
3 info using node@v4.1.0
4 silly loadCurrentTree Starting
5 silly install loadCurrentTree
6 silly install readGlobalPackageData
7 silly fetchPackageMetaData bower
8 silly fetchNamedPackageData bower
9 silly mapToRegistry name bower
10 silly mapToRegistry using default registry
11 silly mapToRegistry registry https://registry.npmjs.org/
12 silly mapToRegistry uri https://registry.npmjs.org/bower
13 verbose request uri https://registry.npmjs.org/bower
14 verbose request no auth needed
15 info attempt registry request try #1 at 11:13:01 AM
16 verbose request id 6b17c59b616f1fcc
17 verbose etag "DZFJE0XFKS57MHQSFTG1KCAD8"
18 http request GET https://registry.npmjs.org/bower
19 http 200 https://registry.npmjs.org/bower
20 silly get cb [ 200,
20 silly get   { server: 'CouchDB/1.5.0 (Erlang OTP/R16B03)',
20 silly get     etag: '"A1PFTEF2Q5CACHGGUZULT3PNF"',
20 silly get     'content-type': 'application/json',
20 silly get     'content-encoding': 'gzip',
20 silly get     'cache-control': 'max-age=300',
20 silly get     'content-length': '20434',
20 silly get     'accept-ranges': 'bytes',
20 silly get     date: 'Tue, 17 May 2016 16:13:01 GMT',
20 silly get     via: '1.1 varnish',
20 silly get     age: '42',
20 silly get     connection: 'keep-alive',
20 silly get     'x-served-by': 'cache-ord1729-ORD',
20 silly get     'x-cache': 'HIT',
20 silly get     'x-cache-hits': '1',
20 silly get     'x-timer': 'S1463501581.494649,VS0,VE10',
20 silly get     vary: 'Accept-Encoding' } ]
21 verbose get saving bower to /Users/jharrelson/.npm/registry.npmjs.org/bower/.cache.json
22 silly install normalizeTree
23 silly loadCurrentTree Finishing
24 silly loadIdealTree Starting
25 silly install loadIdealTree
26 silly cloneCurrentTree Starting
27 silly install cloneCurrentTreeToIdealTree
28 silly cloneCurrentTree Finishing
29 silly loadShrinkwrap Starting
30 silly install loadShrinkwrap
31 silly loadShrinkwrap Finishing
32 silly loadAllDepsIntoIdealTree Starting
33 silly install loadAllDepsIntoIdealTree
34 silly resolveWithNewModule bower@1.7.9 checking installable status
35 silly cache add args [ 'bower', null ]
36 verbose cache add spec bower
37 silly cache add parsed spec Result {
37 silly cache add   raw: 'bower',
37 silly cache add   scope: null,
37 silly cache add   name: 'bower',
37 silly cache add   rawSpec: '',
37 silly cache add   spec: '*',
37 silly cache add   type: 'range' }
38 silly addNamed bower@*
39 verbose addNamed "*" is a valid semver range for bower
40 silly addNameRange { name: 'bower', range: '*', hasData: false }
41 silly mapToRegistry name bower
42 silly mapToRegistry using default registry
43 silly mapToRegistry registry https://registry.npmjs.org/
44 silly mapToRegistry uri https://registry.npmjs.org/bower
45 verbose addNameRange registry:https://registry.npmjs.org/bower not in flight; fetching
46 verbose get https://registry.npmjs.org/bower not expired, no request
47 silly addNameRange number 2 { name: 'bower', range: '*', hasData: true }
48 silly addNameRange versions [ 'bower',
48 silly addNameRange   [ '0.1.0',
48 silly addNameRange     '0.1.2',
48 silly addNameRange     '0.1.3',
48 silly addNameRange     '0.2.0',
48 silly addNameRange     '0.3.0',
48 silly addNameRange     '0.3.1',
48 silly addNameRange     '0.3.2',
48 silly addNameRange     '0.4.0',
48 silly addNameRange     '0.5.0',
48 silly addNameRange     '0.5.1',
48 silly addNameRange     '0.6.0',
48 silly addNameRange     '0.6.1',
48 silly addNameRange     '0.6.2',
48 silly addNameRange     '0.6.3',
48 silly addNameRange     '0.6.4',
48 silly addNameRange     '0.6.5',
48 silly addNameRange     '0.6.6',
48 silly addNameRange     '0.6.7',
48 silly addNameRange     '0.6.8',
48 silly addNameRange     '0.7.0',
48 silly addNameRange     '0.7.1',
48 silly addNameRange     '0.8.0',
48 silly addNameRange     '0.8.1',
48 silly addNameRange     '0.8.2',
48 silly addNameRange     '0.8.3',
48 silly addNameRange     '0.8.4',
48 silly addNameRange     '0.8.5',
48 silly addNameRange     '0.8.6',
48 silly addNameRange     '0.9.0',
48 silly addNameRange     '0.9.1',
48 silly addNameRange     '0.9.2',
48 silly addNameRange     '0.10.0',
48 silly addNameRange     '1.0.0',
48 silly addNameRange     '1.0.1',
48 silly addNameRange     '1.0.2',
48 silly addNameRange     '1.0.3',
48 silly addNameRange     '1.1.0',
48 silly addNameRange     '1.1.1',
48 silly addNameRange     '1.1.2',
48 silly addNameRange     '1.2.0',
48 silly addNameRange     '1.2.1',
48 silly addNameRange     '1.2.2',
48 silly addNameRange     '1.2.3',
48 silly addNameRange     '1.2.4',
48 silly addNameRange     '1.2.5',
48 silly addNameRange     '1.2.6',
48 silly addNameRange     '1.2.7',
48 silly addNameRange     '1.2.8',
48 silly addNameRange     '1.3.0',
48 silly addNameRange     '1.3.1',
48 silly addNameRange     '1.3.2',
48 silly addNameRange     '1.3.3',
48 silly addNameRange     '1.3.4',
48 silly addNameRange     '1.3.5',
48 silly addNameRange     '1.3.6',
48 silly addNameRange     '1.3.7',
48 silly addNameRange     '1.3.8',
48 silly addNameRange     '1.3.9',
48 silly addNameRange     '1.3.10',
48 silly addNameRange     '1.3.11',
48 silly addNameRange     '1.3.12',
48 silly addNameRange     '1.4.0',
48 silly addNameRange     '1.4.1',
48 silly addNameRange     '1.5.0',
48 silly addNameRange     '1.5.1',
48 silly addNameRange     '1.5.2',
48 silly addNameRange     '1.5.3',
48 silly addNameRange     '1.6.2',
48 silly addNameRange     '1.6.3',
48 silly addNameRange     '1.6.4',
48 silly addNameRange     '1.6.5',
48 silly addNameRange     '1.5.4',
48 silly addNameRange     '1.4.2',
48 silly addNameRange     '1.6.6',
48 silly addNameRange     '1.6.7',
48 silly addNameRange     '1.6.8',
48 silly addNameRange     '1.6.9',
48 silly addNameRange     '1.7.0',
48 silly addNameRange     '1.7.1',
48 silly addNameRange     '1.7.2',
48 silly addNameRange     '1.7.5',
48 silly addNameRange     '1.7.6',
48 silly addNameRange     '1.7.7',
48 silly addNameRange     '1.7.8',
48 silly addNameRange     '1.7.9' ] ]
49 silly addNamed bower@1.7.9
50 verbose addNamed "1.7.9" is a plain semver version for bower
51 silly mapToRegistry name bower
52 silly mapToRegistry using default registry
53 silly mapToRegistry registry https://registry.npmjs.org/
54 silly mapToRegistry uri https://registry.npmjs.org/bower
55 verbose addRemoteTarball https://registry.npmjs.org/bower/-/bower-1.7.9.tgz not in flight; adding
56 verbose addRemoteTarball [ 'https://registry.npmjs.org/bower/-/bower-1.7.9.tgz',
56 verbose addRemoteTarball   'b7296c2393e0d75edaa6ca39648132dd255812b0' ]
57 info retry fetch attempt 1 at 11:13:01 AM
58 info attempt registry request try #1 at 11:13:01 AM
59 http fetch GET https://registry.npmjs.org/bower/-/bower-1.7.9.tgz
60 http fetch 200 https://registry.npmjs.org/bower/-/bower-1.7.9.tgz
61 silly fetchAndShaCheck shasum b7296c2393e0d75edaa6ca39648132dd255812b0
62 verbose addTmpTarball /var/folders/9f/7tkpr_sn2f16dvwj7l1mzthm0000gp/T/npm-2775-14c11a83/registry.npmjs.org/bower/-/bower-1.7.9.tgz not in flight; adding
63 verbose addTmpTarball already have metadata; skipping unpack for bower@1.7.9
64 silly cache afterAdd bower@1.7.9
65 verbose afterAdd /Users/jharrelson/.npm/bower/1.7.9/package/package.json not in flight; writing
66 verbose afterAdd /Users/jharrelson/.npm/bower/1.7.9/package/package.json written
67 silly loadAllDepsIntoIdealTree Finishing
68 silly idealTree:prePrune /usr/local/lib
68 silly idealTree:prePrune └── bower@1.7.9
69 silly loadIdealTree Finishing
70 silly currentTree /usr/local/lib
70 silly currentTree └── bower@1.7.7
71 silly idealTree /usr/local/lib
71 silly idealTree └── bower@1.7.9
72 silly generateActionsToTake Starting
73 silly install generateActionsToTake
74 warn checkPermissions Missing write access to /usr/local/lib/node_modules/bower
75 warn checkPermissions Missing write access to /usr/local/lib/node_modules
76 silly rollbackFailedOptional Starting
77 silly rollbackFailedOptional Finishing
78 silly runTopLevelLifecycles Starting
79 silly runTopLevelLifecycles Finishing
80 silly install printInstalled
81 verbose stack Error: EACCES: permission denied, access '/usr/local/lib/node_modules/bower'
81 verbose stack     at Error (native)
82 verbose cwd /Users/jharrelson/Dropbox/PersonalSite/Website/jharrelson-v3
83 error Darwin 14.5.0
84 error argv "/usr/local/bin/node" "/usr/local/bin/npm" "install" "-g" "bower"
85 error node v4.1.0
86 error npm  v3.3.3
87 error path /usr/local/lib/node_modules/bower
88 error code EACCES
89 error errno -13
90 error syscall access
91 error Error: EACCES: permission denied, access '/usr/local/lib/node_modules/bower'
91 error     at Error (native)
91 error  { [Error: EACCES: permission denied, access '/usr/local/lib/node_modules/bower']
91 error   errno: -13,
91 error   code: 'EACCES',
91 error   syscall: 'access',
91 error   path: '/usr/local/lib/node_modules/bower' }
92 error Please try running this command again as root/Administrator.
93 verbose exit [ -13, true ]
